<?xml version="1.0" encoding="UTF-8"?>
<!-- Generated by org.testng.reporters.JUnitReportReporter -->
<testsuite hostname="Vishwanath-Naik" failures="0" tests="1" name="githubdemo.practice1" time="0.012" errors="0" timestamp="2023-03-10T20:05:32 IST" skipped="0">
  <testcase classname="githubdemo.practice1" name="test1" time="0.012"/>
  <system-out/>
</testsuite> <!-- githubdemo.practice1 -->
