<?xml version="1.0" encoding="UTF-8"?>
<!-- Generated by org.testng.reporters.JUnitReportReporter -->
<testsuite skipped="0" hostname="Vishwanath-Naik" name="githubdemo.practice1" tests="1" failures="0" timestamp="2023-03-10T20:37:39 IST" time="0.795" errors="0">
  <testcase name="test1" time="0.795" classname="githubdemo.practice1"/>
  <system-out/>
</testsuite> <!-- githubdemo.practice1 -->
